<?xml version="1.0" encoding="UTF-8"?>
<!-- Generated by org.testng.reporters.JUnitXMLReporter -->
<testsuite ignored="0" hostname="Rafia" failures="1" tests="16" name="Rediff Testcases" time="108.66" errors="0" timestamp="2023-04-10T13:57:01 EDT">
  <testcase classname="com.rediff.qa.testcases.LoginTest" name="verifyRediffLoginWithValidUserNameAndValidPassword" time="4.882"/>
  <testcase classname="com.rediff.qa.testcases.LoginTest" name="verifyRediffLoginWithValidUserNameAndValidPassword" time="6.633"/>
  <testcase classname="com.rediff.qa.testcases.LoginTest" name="verifyRediffLoginWithValidUserNameAndValidPassword" time="4.871"/>
  <testcase classname="com.rediff.qa.testcases.LoginTest" name="verifyRediffLoginWithValidUserNameAndValidPassword" time="6.609"/>
  <testcase classname="com.rediff.qa.testcases.LoginTest" name="verifyRediffLoginWithValidUserNameAndValidPassword" time="6.91"/>
  <testcase classname="com.rediff.qa.testcases.LoginTest" name="verifyRediffLoginWithInvalidUserNameAndInvalidPassword" time="0.587"/>
  <testcase classname="com.rediff.qa.testcases.LoginTest" name="verifyRediffLoginWithValidUserNameAndInvalidPassword" time="0.661"/>
  <testcase classname="com.rediff.qa.testcases.LoginTest" name="verifyRediffLoginWithEmptyUserNameAndValidPassword" time="0.232"/>
  <testcase classname="com.rediff.qa.testcases.LoginTest" name="verifyRediffLoginWithValidUserNameAndEmptyPassword" time="0.142"/>
  <testcase classname="com.rediff.qa.testcases.LoginTest" name="verifyRediffLoginWithEmptyUserNameAndEmptyPassword" time="0.055"/>
  <testcase classname="com.rediff.qa.testcases.CreateAccountTest" name="varifyCreateAccountByEnteringAllValidFields" time="0.419">
    <failure type="java.lang.IllegalArgumentException" message="Keys to send should be a not null CharSequence">
      <![CDATA[java.lang.IllegalArgumentException: Keys to send should be a not null CharSequence
at org.openqa.selenium.remote.RemoteWebElement.sendKeys(RemoteWebElement.java:98)
at org.openqa.selenium.support.pagefactory.internal.LocatingElementHandler.invoke(LocatingElementHandler.java:52)
at jdk.proxy2/jdk.proxy2.$Proxy18.sendKeys(Unknown Source)
at com.rediff.qa.pages.CreateAccountPage.enterMobileNo(CreateAccountPage.java:88)
at com.rediff.qa.testcases.CreateAccountTest.varifyCreateAccountByEnteringAllValidFields(CreateAccountTest.java:64)
at java.base/java.util.ArrayList.forEach(ArrayList.java:1511)
... Removed 30 stack frames]]>
    </failure>
  </testcase> <!-- varifyCreateAccountByEnteringAllValidFields -->
  <testcase classname="com.rediff.qa.testcases.CreateAccountTest" name="verifyCreateAccountBySkippingAllValidFields" time="0.06"/>
  <testcase classname="com.rediff.qa.testcases.CreateAccountTest" name="verifyCreateAccountByEnteringFullNameAndOtherFieldsBlank" time="0.122"/>
  <testcase classname="com.rediff.qa.testcases.CreateAccountTest" name="verifyCreateAccountByEnteringFullNameAndRediffmailIDButOtherFieldsBlank" time="0.193"/>
  <testcase classname="com.rediff.qa.testcases.CreateAccountTest" name="verifyCreateAccountByEnteringUptoPassword" time="0.25"/>
  <testcase classname="com.rediff.qa.testcases.CreateAccountTest" name="verifyCreateAccountByEnteringUptoRetypePassword" time="0.302"/>
</testsuite> <!-- Rediff Testcases -->
