<?xml version="1.0" encoding="UTF-8"?>
<testng-results ignored="0" total="16" passed="15" failed="1" skipped="0">
  <reporter-output>
  </reporter-output>
  <suite started-at="2023-04-10T13:55:12 EDT" name="Rediff Hybrid Automation Suite" finished-at="2023-04-10T13:57:00 EDT" duration-ms="108660">
    <groups>
    </groups>
    <test started-at="2023-04-10T13:55:12 EDT" name="Rediff Testcases" finished-at="2023-04-10T13:57:00 EDT" duration-ms="108660">
      <class name="com.rediff.qa.testcases.CreateAccountTest">
        <test-method is-config="true" signature="setUp()[pri:0, instance:com.rediff.qa.testcases.CreateAccountTest@48075da3]" started-at="2023-04-10T13:56:30 EDT" name="setUp" finished-at="2023-04-10T13:56:35 EDT" duration-ms="5097" status="PASS">
          <reporter-output>
          </reporter-output>
        </test-method> <!-- setUp -->
        <test-method signature="varifyCreateAccountByEnteringAllValidFields()[pri:1, instance:com.rediff.qa.testcases.CreateAccountTest@48075da3]" started-at="2023-04-10T13:56:35 EDT" name="varifyCreateAccountByEnteringAllValidFields" finished-at="2023-04-10T13:56:36 EDT" duration-ms="419" status="FAIL">
          <exception class="java.lang.IllegalArgumentException">
            <message>
              <![CDATA[Keys to send should be a not null CharSequence]]>
            </message>
            <full-stacktrace>
              <![CDATA[java.lang.IllegalArgumentException: Keys to send should be a not null CharSequence
at org.openqa.selenium.remote.RemoteWebElement.sendKeys(RemoteWebElement.java:98)
at jdk.internal.reflect.GeneratedMethodAccessor2.invoke(Unknown Source)
at java.base/jdk.internal.reflect.DelegatingMethodAccessorImpl.invoke(DelegatingMethodAccessorImpl.java:43)
at java.base/java.lang.reflect.Method.invoke(Method.java:568)
at org.openqa.selenium.support.pagefactory.internal.LocatingElementHandler.invoke(LocatingElementHandler.java:52)
at jdk.proxy2/jdk.proxy2.$Proxy18.sendKeys(Unknown Source)
at com.rediff.qa.pages.CreateAccountPage.enterMobileNo(CreateAccountPage.java:88)
at com.rediff.qa.testcases.CreateAccountTest.varifyCreateAccountByEnteringAllValidFields(CreateAccountTest.java:64)
at java.base/jdk.internal.reflect.NativeMethodAccessorImpl.invoke0(Native Method)
at java.base/jdk.internal.reflect.NativeMethodAccessorImpl.invoke(NativeMethodAccessorImpl.java:77)
at java.base/jdk.internal.reflect.DelegatingMethodAccessorImpl.invoke(DelegatingMethodAccessorImpl.java:43)
at java.base/java.lang.reflect.Method.invoke(Method.java:568)
at org.testng.internal.invokers.MethodInvocationHelper.invokeMethod(MethodInvocationHelper.java:139)
at org.testng.internal.invokers.TestInvoker.invokeMethod(TestInvoker.java:677)
at org.testng.internal.invokers.TestInvoker.invokeTestMethod(TestInvoker.java:221)
at org.testng.internal.invokers.MethodRunner.runInSequence(MethodRunner.java:50)
at org.testng.internal.invokers.TestInvoker$MethodInvocationAgent.invoke(TestInvoker.java:969)
at org.testng.internal.invokers.TestInvoker.invokeTestMethods(TestInvoker.java:194)
at org.testng.internal.invokers.TestMethodWorker.invokeTestMethods(TestMethodWorker.java:148)
at org.testng.internal.invokers.TestMethodWorker.run(TestMethodWorker.java:128)
at java.base/java.util.ArrayList.forEach(ArrayList.java:1511)
at org.testng.TestRunner.privateRun(TestRunner.java:829)
at org.testng.TestRunner.run(TestRunner.java:602)
at org.testng.SuiteRunner.runTest(SuiteRunner.java:437)
at org.testng.SuiteRunner.runSequentially(SuiteRunner.java:431)
at org.testng.SuiteRunner.privateRun(SuiteRunner.java:391)
at org.testng.SuiteRunner.run(SuiteRunner.java:330)
at org.testng.SuiteRunnerWorker.runSuite(SuiteRunnerWorker.java:52)
at org.testng.SuiteRunnerWorker.run(SuiteRunnerWorker.java:95)
at org.testng.TestNG.runSuitesSequentially(TestNG.java:1256)
at org.testng.TestNG.runSuitesLocally(TestNG.java:1176)
at org.testng.TestNG.runSuites(TestNG.java:1099)
at org.testng.TestNG.run(TestNG.java:1067)
at org.testng.remote.AbstractRemoteTestNG.run(AbstractRemoteTestNG.java:115)
at org.testng.remote.RemoteTestNG.initAndRun(RemoteTestNG.java:251)
at org.testng.remote.RemoteTestNG.main(RemoteTestNG.java:77)
]]>
            </full-stacktrace>
          </exception> <!-- java.lang.IllegalArgumentException -->
          <reporter-output>
          </reporter-output>
        </test-method> <!-- varifyCreateAccountByEnteringAllValidFields -->
        <test-method is-config="true" signature="tearDown()[pri:0, instance:com.rediff.qa.testcases.CreateAccountTest@48075da3]" started-at="2023-04-10T13:56:36 EDT" name="tearDown" finished-at="2023-04-10T13:56:36 EDT" duration-ms="128" status="PASS">
          <reporter-output>
          </reporter-output>
        </test-method> <!-- tearDown -->
        <test-method is-config="true" signature="setUp()[pri:0, instance:com.rediff.qa.testcases.CreateAccountTest@48075da3]" started-at="2023-04-10T13:56:36 EDT" name="setUp" finished-at="2023-04-10T13:56:41 EDT" duration-ms="4829" status="PASS">
          <reporter-output>
          </reporter-output>
        </test-method> <!-- setUp -->
        <test-method signature="verifyCreateAccountBySkippingAllValidFields()[pri:2, instance:com.rediff.qa.testcases.CreateAccountTest@48075da3]" started-at="2023-04-10T13:56:41 EDT" name="verifyCreateAccountBySkippingAllValidFields" finished-at="2023-04-10T13:56:41 EDT" duration-ms="60" status="PASS">
          <reporter-output>
          </reporter-output>
        </test-method> <!-- verifyCreateAccountBySkippingAllValidFields -->
        <test-method is-config="true" signature="tearDown()[pri:0, instance:com.rediff.qa.testcases.CreateAccountTest@48075da3]" started-at="2023-04-10T13:56:41 EDT" name="tearDown" finished-at="2023-04-10T13:56:41 EDT" duration-ms="121" status="PASS">
          <reporter-output>
          </reporter-output>
        </test-method> <!-- tearDown -->
        <test-method is-config="true" signature="setUp()[pri:0, instance:com.rediff.qa.testcases.CreateAccountTest@48075da3]" started-at="2023-04-10T13:56:41 EDT" name="setUp" finished-at="2023-04-10T13:56:45 EDT" duration-ms="4570" status="PASS">
          <reporter-output>
          </reporter-output>
        </test-method> <!-- setUp -->
        <test-method signature="verifyCreateAccountByEnteringFullNameAndOtherFieldsBlank()[pri:3, instance:com.rediff.qa.testcases.CreateAccountTest@48075da3]" started-at="2023-04-10T13:56:45 EDT" name="verifyCreateAccountByEnteringFullNameAndOtherFieldsBlank" finished-at="2023-04-10T13:56:45 EDT" duration-ms="122" status="PASS">
          <reporter-output>
          </reporter-output>
        </test-method> <!-- verifyCreateAccountByEnteringFullNameAndOtherFieldsBlank -->
        <test-method is-config="true" signature="tearDown()[pri:0, instance:com.rediff.qa.testcases.CreateAccountTest@48075da3]" started-at="2023-04-10T13:56:45 EDT" name="tearDown" finished-at="2023-04-10T13:56:46 EDT" duration-ms="142" status="PASS">
          <reporter-output>
          </reporter-output>
        </test-method> <!-- tearDown -->
        <test-method is-config="true" signature="setUp()[pri:0, instance:com.rediff.qa.testcases.CreateAccountTest@48075da3]" started-at="2023-04-10T13:56:46 EDT" name="setUp" finished-at="2023-04-10T13:56:50 EDT" duration-ms="4365" status="PASS">
          <reporter-output>
          </reporter-output>
        </test-method> <!-- setUp -->
        <test-method signature="verifyCreateAccountByEnteringFullNameAndRediffmailIDButOtherFieldsBlank()[pri:4, instance:com.rediff.qa.testcases.CreateAccountTest@48075da3]" started-at="2023-04-10T13:56:50 EDT" name="verifyCreateAccountByEnteringFullNameAndRediffmailIDButOtherFieldsBlank" finished-at="2023-04-10T13:56:50 EDT" duration-ms="193" status="PASS">
          <reporter-output>
          </reporter-output>
        </test-method> <!-- verifyCreateAccountByEnteringFullNameAndRediffmailIDButOtherFieldsBlank -->
        <test-method is-config="true" signature="tearDown()[pri:0, instance:com.rediff.qa.testcases.CreateAccountTest@48075da3]" started-at="2023-04-10T13:56:50 EDT" name="tearDown" finished-at="2023-04-10T13:56:50 EDT" duration-ms="151" status="PASS">
          <reporter-output>
          </reporter-output>
        </test-method> <!-- tearDown -->
        <test-method is-config="true" signature="setUp()[pri:0, instance:com.rediff.qa.testcases.CreateAccountTest@48075da3]" started-at="2023-04-10T13:56:50 EDT" name="setUp" finished-at="2023-04-10T13:56:55 EDT" duration-ms="4787" status="PASS">
          <reporter-output>
          </reporter-output>
        </test-method> <!-- setUp -->
        <test-method signature="verifyCreateAccountByEnteringUptoPassword()[pri:5, instance:com.rediff.qa.testcases.CreateAccountTest@48075da3]" started-at="2023-04-10T13:56:55 EDT" name="verifyCreateAccountByEnteringUptoPassword" finished-at="2023-04-10T13:56:55 EDT" duration-ms="250" status="PASS">
          <reporter-output>
          </reporter-output>
        </test-method> <!-- verifyCreateAccountByEnteringUptoPassword -->
        <test-method is-config="true" signature="tearDown()[pri:0, instance:com.rediff.qa.testcases.CreateAccountTest@48075da3]" started-at="2023-04-10T13:56:55 EDT" name="tearDown" finished-at="2023-04-10T13:56:56 EDT" duration-ms="120" status="PASS">
          <reporter-output>
          </reporter-output>
        </test-method> <!-- tearDown -->
        <test-method is-config="true" signature="setUp()[pri:0, instance:com.rediff.qa.testcases.CreateAccountTest@48075da3]" started-at="2023-04-10T13:56:56 EDT" name="setUp" finished-at="2023-04-10T13:57:00 EDT" duration-ms="4516" status="PASS">
          <reporter-output>
          </reporter-output>
        </test-method> <!-- setUp -->
        <test-method signature="verifyCreateAccountByEnteringUptoRetypePassword()[pri:6, instance:com.rediff.qa.testcases.CreateAccountTest@48075da3]" started-at="2023-04-10T13:57:00 EDT" name="verifyCreateAccountByEnteringUptoRetypePassword" finished-at="2023-04-10T13:57:00 EDT" duration-ms="302" status="PASS">
          <reporter-output>
          </reporter-output>
        </test-method> <!-- verifyCreateAccountByEnteringUptoRetypePassword -->
        <test-method is-config="true" signature="tearDown()[pri:0, instance:com.rediff.qa.testcases.CreateAccountTest@48075da3]" started-at="2023-04-10T13:57:00 EDT" name="tearDown" finished-at="2023-04-10T13:57:00 EDT" duration-ms="128" status="PASS">
          <reporter-output>
          </reporter-output>
        </test-method> <!-- tearDown -->
      </class> <!-- com.rediff.qa.testcases.CreateAccountTest -->
      <class name="com.rediff.qa.testcases.LoginTest">
        <test-method is-config="true" signature="setUp()[pri:0, instance:com.rediff.qa.testcases.LoginTest@25ce9dc4]" started-at="2023-04-10T13:55:12 EDT" name="setUp" finished-at="2023-04-10T13:55:17 EDT" duration-ms="4949" status="PASS">
          <reporter-output>
          </reporter-output>
        </test-method> <!-- setUp -->
        <test-method signature="verifyRediffLoginWithValidUserNameAndValidPassword(java.lang.String,java.lang.String)[pri:1, instance:com.rediff.qa.testcases.LoginTest@25ce9dc4]" started-at="2023-04-10T13:55:17 EDT" name="verifyRediffLoginWithValidUserNameAndValidPassword" data-provider="RediffExcelDataWithDataProvider" finished-at="2023-04-10T13:55:22 EDT" duration-ms="4882" status="PASS">
          <params>
            <param index="0">
              <value>
                <![CDATA[seleniumpanda@rediffmail.com]]>
              </value>
            </param>
            <param index="1">
              <value>
                <![CDATA[Selenium@123]]>
              </value>
            </param>
          </params>
          <reporter-output>
          </reporter-output>
        </test-method> <!-- verifyRediffLoginWithValidUserNameAndValidPassword -->
        <test-method is-config="true" signature="tearDown()[pri:0, instance:com.rediff.qa.testcases.LoginTest@25ce9dc4]" started-at="2023-04-10T13:55:22 EDT" name="tearDown" finished-at="2023-04-10T13:55:22 EDT" duration-ms="154" status="PASS">
          <reporter-output>
          </reporter-output>
        </test-method> <!-- tearDown -->
        <test-method is-config="true" signature="setUp()[pri:0, instance:com.rediff.qa.testcases.LoginTest@25ce9dc4]" started-at="2023-04-10T13:55:22 EDT" name="setUp" finished-at="2023-04-10T13:55:26 EDT" duration-ms="4008" status="PASS">
          <reporter-output>
          </reporter-output>
        </test-method> <!-- setUp -->
        <test-method signature="verifyRediffLoginWithValidUserNameAndValidPassword(java.lang.String,java.lang.String)[pri:1, instance:com.rediff.qa.testcases.LoginTest@25ce9dc4]" started-at="2023-04-10T13:55:26 EDT" name="verifyRediffLoginWithValidUserNameAndValidPassword" data-provider="RediffExcelDataWithDataProvider" finished-at="2023-04-10T13:55:33 EDT" duration-ms="6633" status="PASS">
          <params>
            <param index="0">
              <value>
                <![CDATA[Mohamedboudguig@rediffmail.com]]>
              </value>
            </param>
            <param index="1">
              <value>
                <![CDATA[Medbdg0707@]]>
              </value>
            </param>
          </params>
          <reporter-output>
          </reporter-output>
        </test-method> <!-- verifyRediffLoginWithValidUserNameAndValidPassword -->
        <test-method is-config="true" signature="tearDown()[pri:0, instance:com.rediff.qa.testcases.LoginTest@25ce9dc4]" started-at="2023-04-10T13:55:33 EDT" name="tearDown" finished-at="2023-04-10T13:55:33 EDT" duration-ms="119" status="PASS">
          <reporter-output>
          </reporter-output>
        </test-method> <!-- tearDown -->
        <test-method is-config="true" signature="setUp()[pri:0, instance:com.rediff.qa.testcases.LoginTest@25ce9dc4]" started-at="2023-04-10T13:55:33 EDT" name="setUp" finished-at="2023-04-10T13:55:37 EDT" duration-ms="4141" status="PASS">
          <reporter-output>
          </reporter-output>
        </test-method> <!-- setUp -->
        <test-method signature="verifyRediffLoginWithValidUserNameAndValidPassword(java.lang.String,java.lang.String)[pri:1, instance:com.rediff.qa.testcases.LoginTest@25ce9dc4]" started-at="2023-04-10T13:55:37 EDT" name="verifyRediffLoginWithValidUserNameAndValidPassword" data-provider="RediffExcelDataWithDataProvider" finished-at="2023-04-10T13:55:42 EDT" duration-ms="4871" status="PASS">
          <params>
            <param index="0">
              <value>
                <![CDATA[seleniumpanda1@rediffmail.com]]>
              </value>
            </param>
            <param index="1">
              <value>
                <![CDATA[Donkey@123]]>
              </value>
            </param>
          </params>
          <reporter-output>
          </reporter-output>
        </test-method> <!-- verifyRediffLoginWithValidUserNameAndValidPassword -->
        <test-method is-config="true" signature="tearDown()[pri:0, instance:com.rediff.qa.testcases.LoginTest@25ce9dc4]" started-at="2023-04-10T13:55:42 EDT" name="tearDown" finished-at="2023-04-10T13:55:42 EDT" duration-ms="144" status="PASS">
          <reporter-output>
          </reporter-output>
        </test-method> <!-- tearDown -->
        <test-method is-config="true" signature="setUp()[pri:0, instance:com.rediff.qa.testcases.LoginTest@25ce9dc4]" started-at="2023-04-10T13:55:42 EDT" name="setUp" finished-at="2023-04-10T13:55:46 EDT" duration-ms="3707" status="PASS">
          <reporter-output>
          </reporter-output>
        </test-method> <!-- setUp -->
        <test-method signature="verifyRediffLoginWithValidUserNameAndValidPassword(java.lang.String,java.lang.String)[pri:1, instance:com.rediff.qa.testcases.LoginTest@25ce9dc4]" started-at="2023-04-10T13:55:46 EDT" name="verifyRediffLoginWithValidUserNameAndValidPassword" data-provider="RediffExcelDataWithDataProvider" finished-at="2023-04-10T13:55:53 EDT" duration-ms="6609" status="PASS">
          <params>
            <param index="0">
              <value>
                <![CDATA[chowdhurygs@rediffmail.com]]>
              </value>
            </param>
            <param index="1">
              <value>
                <![CDATA[Shajlee1@]]>
              </value>
            </param>
          </params>
          <reporter-output>
          </reporter-output>
        </test-method> <!-- verifyRediffLoginWithValidUserNameAndValidPassword -->
        <test-method is-config="true" signature="tearDown()[pri:0, instance:com.rediff.qa.testcases.LoginTest@25ce9dc4]" started-at="2023-04-10T13:55:53 EDT" name="tearDown" finished-at="2023-04-10T13:55:53 EDT" duration-ms="128" status="PASS">
          <reporter-output>
          </reporter-output>
        </test-method> <!-- tearDown -->
        <test-method is-config="true" signature="setUp()[pri:0, instance:com.rediff.qa.testcases.LoginTest@25ce9dc4]" started-at="2023-04-10T13:55:53 EDT" name="setUp" finished-at="2023-04-10T13:55:57 EDT" duration-ms="4234" status="PASS">
          <reporter-output>
          </reporter-output>
        </test-method> <!-- setUp -->
        <test-method signature="verifyRediffLoginWithValidUserNameAndValidPassword(java.lang.String,java.lang.String)[pri:1, instance:com.rediff.qa.testcases.LoginTest@25ce9dc4]" started-at="2023-04-10T13:55:57 EDT" name="verifyRediffLoginWithValidUserNameAndValidPassword" data-provider="RediffExcelDataWithDataProvider" finished-at="2023-04-10T13:56:04 EDT" duration-ms="6910" status="PASS">
          <params>
            <param index="0">
              <value>
                <![CDATA[homa_rahimi@rediffmail.com]]>
              </value>
            </param>
            <param index="1">
              <value>
                <![CDATA[Winter2021?]]>
              </value>
            </param>
          </params>
          <reporter-output>
          </reporter-output>
        </test-method> <!-- verifyRediffLoginWithValidUserNameAndValidPassword -->
        <test-method is-config="true" signature="tearDown()[pri:0, instance:com.rediff.qa.testcases.LoginTest@25ce9dc4]" started-at="2023-04-10T13:56:04 EDT" name="tearDown" finished-at="2023-04-10T13:56:04 EDT" duration-ms="121" status="PASS">
          <reporter-output>
          </reporter-output>
        </test-method> <!-- tearDown -->
        <test-method is-config="true" signature="setUp()[pri:0, instance:com.rediff.qa.testcases.LoginTest@25ce9dc4]" started-at="2023-04-10T13:56:04 EDT" name="setUp" finished-at="2023-04-10T13:56:08 EDT" duration-ms="4160" status="PASS">
          <reporter-output>
          </reporter-output>
        </test-method> <!-- setUp -->
        <test-method signature="verifyRediffLoginWithInvalidUserNameAndInvalidPassword()[pri:2, instance:com.rediff.qa.testcases.LoginTest@25ce9dc4]" started-at="2023-04-10T13:56:08 EDT" name="verifyRediffLoginWithInvalidUserNameAndInvalidPassword" finished-at="2023-04-10T13:56:09 EDT" duration-ms="587" status="PASS">
          <reporter-output>
          </reporter-output>
        </test-method> <!-- verifyRediffLoginWithInvalidUserNameAndInvalidPassword -->
        <test-method is-config="true" signature="tearDown()[pri:0, instance:com.rediff.qa.testcases.LoginTest@25ce9dc4]" started-at="2023-04-10T13:56:09 EDT" name="tearDown" finished-at="2023-04-10T13:56:09 EDT" duration-ms="123" status="PASS">
          <reporter-output>
          </reporter-output>
        </test-method> <!-- tearDown -->
        <test-method is-config="true" signature="setUp()[pri:0, instance:com.rediff.qa.testcases.LoginTest@25ce9dc4]" started-at="2023-04-10T13:56:09 EDT" name="setUp" finished-at="2023-04-10T13:56:13 EDT" duration-ms="4323" status="PASS">
          <reporter-output>
          </reporter-output>
        </test-method> <!-- setUp -->
        <test-method signature="verifyRediffLoginWithValidUserNameAndInvalidPassword()[pri:3, instance:com.rediff.qa.testcases.LoginTest@25ce9dc4]" started-at="2023-04-10T13:56:13 EDT" name="verifyRediffLoginWithValidUserNameAndInvalidPassword" finished-at="2023-04-10T13:56:14 EDT" duration-ms="661" status="PASS">
          <reporter-output>
          </reporter-output>
        </test-method> <!-- verifyRediffLoginWithValidUserNameAndInvalidPassword -->
        <test-method is-config="true" signature="tearDown()[pri:0, instance:com.rediff.qa.testcases.LoginTest@25ce9dc4]" started-at="2023-04-10T13:56:14 EDT" name="tearDown" finished-at="2023-04-10T13:56:14 EDT" duration-ms="125" status="PASS">
          <reporter-output>
          </reporter-output>
        </test-method> <!-- tearDown -->
        <test-method is-config="true" signature="setUp()[pri:0, instance:com.rediff.qa.testcases.LoginTest@25ce9dc4]" started-at="2023-04-10T13:56:14 EDT" name="setUp" finished-at="2023-04-10T13:56:21 EDT" duration-ms="7103" status="PASS">
          <reporter-output>
          </reporter-output>
        </test-method> <!-- setUp -->
        <test-method signature="verifyRediffLoginWithEmptyUserNameAndValidPassword()[pri:4, instance:com.rediff.qa.testcases.LoginTest@25ce9dc4]" started-at="2023-04-10T13:56:21 EDT" name="verifyRediffLoginWithEmptyUserNameAndValidPassword" finished-at="2023-04-10T13:56:21 EDT" duration-ms="232" status="PASS">
          <reporter-output>
          </reporter-output>
        </test-method> <!-- verifyRediffLoginWithEmptyUserNameAndValidPassword -->
        <test-method is-config="true" signature="tearDown()[pri:0, instance:com.rediff.qa.testcases.LoginTest@25ce9dc4]" started-at="2023-04-10T13:56:21 EDT" name="tearDown" finished-at="2023-04-10T13:56:22 EDT" duration-ms="133" status="PASS">
          <reporter-output>
          </reporter-output>
        </test-method> <!-- tearDown -->
        <test-method is-config="true" signature="setUp()[pri:0, instance:com.rediff.qa.testcases.LoginTest@25ce9dc4]" started-at="2023-04-10T13:56:22 EDT" name="setUp" finished-at="2023-04-10T13:56:25 EDT" duration-ms="3912" status="PASS">
          <reporter-output>
          </reporter-output>
        </test-method> <!-- setUp -->
        <test-method signature="verifyRediffLoginWithValidUserNameAndEmptyPassword()[pri:5, instance:com.rediff.qa.testcases.LoginTest@25ce9dc4]" started-at="2023-04-10T13:56:25 EDT" name="verifyRediffLoginWithValidUserNameAndEmptyPassword" finished-at="2023-04-10T13:56:26 EDT" duration-ms="142" status="PASS">
          <reporter-output>
          </reporter-output>
        </test-method> <!-- verifyRediffLoginWithValidUserNameAndEmptyPassword -->
        <test-method is-config="true" signature="tearDown()[pri:0, instance:com.rediff.qa.testcases.LoginTest@25ce9dc4]" started-at="2023-04-10T13:56:26 EDT" name="tearDown" finished-at="2023-04-10T13:56:26 EDT" duration-ms="117" status="PASS">
          <reporter-output>
          </reporter-output>
        </test-method> <!-- tearDown -->
        <test-method is-config="true" signature="setUp()[pri:0, instance:com.rediff.qa.testcases.LoginTest@25ce9dc4]" started-at="2023-04-10T13:56:26 EDT" name="setUp" finished-at="2023-04-10T13:56:30 EDT" duration-ms="4073" status="PASS">
          <reporter-output>
          </reporter-output>
        </test-method> <!-- setUp -->
        <test-method signature="verifyRediffLoginWithEmptyUserNameAndEmptyPassword()[pri:6, instance:com.rediff.qa.testcases.LoginTest@25ce9dc4]" started-at="2023-04-10T13:56:30 EDT" name="verifyRediffLoginWithEmptyUserNameAndEmptyPassword" finished-at="2023-04-10T13:56:30 EDT" duration-ms="55" status="PASS">
          <reporter-output>
          </reporter-output>
        </test-method> <!-- verifyRediffLoginWithEmptyUserNameAndEmptyPassword -->
        <test-method is-config="true" signature="tearDown()[pri:0, instance:com.rediff.qa.testcases.LoginTest@25ce9dc4]" started-at="2023-04-10T13:56:30 EDT" name="tearDown" finished-at="2023-04-10T13:56:30 EDT" duration-ms="127" status="PASS">
          <reporter-output>
          </reporter-output>
        </test-method> <!-- tearDown -->
      </class> <!-- com.rediff.qa.testcases.LoginTest -->
    </test> <!-- Rediff Testcases -->
  </suite> <!-- Rediff Hybrid Automation Suite -->
</testng-results>
